# JRE version: Java(TM) SE Runtime Environment (21.0.5+9) (build 21.0.5+9-LTS-239)
# Java VM: Java HotSpot(TM) 64-Bit Server VM (21.0.5+9-LTS-239, mixed mode, sharing, tiered, compressed oops, compressed class ptrs, g1 gc, windows-amd64)
GC Precious Log:
 CardTable entry size: 512
 Card Set container configuration: InlinePtr #cards 4 size 8 Array Of Cards #cards 16 size 48 Howl #buckets 8 coarsen threshold 3686 Howl Bitmap #cards 512 size 80 coarsen threshold 460 Card regions per heap region 1 cards per card region 4096
 CPUs: 8 total, 8 available
 Memory: 16106M
 Large Page Support: Disabled
 NUMA Support: Disabled
 Compressed Oops: Enabled (Zero based)
 Heap Region Size: 2M
 Heap Min Capacity: 8M
 Heap Initial Capacity: 252M
 Heap Max Capacity: 4028M
 Pre-touch: Disabled
 Parallel Workers: 8
 Concurrent Workers: 2
 Concurrent Refinement Workers: 8
 Periodic GC: Disabled
Heap:
 garbage-first heap   total 102400K, used 70620K [0x0000000704400000, 0x0000000800000000)
  region size 2048K, 14 young (28672K), 3 survivors (6144K)
 Metaspace       used 101109K, committed 102144K, reserved 1179648K
  class space    used 13677K, committed 14144K, reserved 1048576K
GC Heap History (20 events):
Event: 7.559 GC heap before
{Heap before GC invocations=23 (full 0):
 garbage-first heap   total 83968K, used 71449K [0x0000000704400000, 0x0000000800000000)
  region size 2048K, 15 young (30720K), 2 survivors (4096K)
 Metaspace       used 90927K, committed 91776K, reserved 1179648K
  class space    used 12368K, committed 12736K, reserved 1048576K
}
Event: 7.562 GC heap after
{Heap after GC invocations=24 (full 0):
 garbage-first heap   total 83968K, used 47199K [0x0000000704400000, 0x0000000800000000)
  region size 2048K, 2 young (4096K), 2 survivors (4096K)
 Metaspace       used 90927K, committed 91776K, reserved 1179648K
  class space    used 12368K, committed 12736K, reserved 1048576K
}
Event: 7.828 GC heap before
{Heap before GC invocations=24 (full 0):
 garbage-first heap   total 83968K, used 69727K [0x0000000704400000, 0x0000000800000000)
  region size 2048K, 14 young (28672K), 2 survivors (4096K)
 Metaspace       used 92845K, committed 93760K, reserved 1179648K
  class space    used 12678K, committed 13120K, reserved 1048576K
}
Event: 7.833 GC heap after
{Heap after GC invocations=25 (full 0):
 garbage-first heap   total 102400K, used 49252K [0x0000000704400000, 0x0000000800000000)
  region size 2048K, 2 young (4096K), 2 survivors (4096K)
 Metaspace       used 92845K, committed 93760K, reserved 1179648K
  class space    used 12678K, committed 13120K, reserved 1048576K
}
Event: 129.559 GC heap before
{Heap before GC invocations=25 (full 0):
 garbage-first heap   total 102400K, used 90212K [0x0000000704400000, 0x0000000800000000)
  region size 2048K, 22 young (45056K), 2 survivors (4096K)
 Metaspace       used 95463K, committed 96384K, reserved 1179648K
  class space    used 13029K, committed 13440K, reserved 1048576K
}
Event: 129.562 GC heap after
{Heap after GC invocations=26 (full 0):
 garbage-first heap   total 102400K, used 49482K [0x0000000704400000, 0x0000000800000000)
  region size 2048K, 2 young (4096K), 2 survivors (4096K)
 Metaspace       used 95463K, committed 96384K, reserved 1179648K
  class space    used 13029K, committed 13440K, reserved 1048576K
}
Event: 301.418 GC heap before
{Heap before GC invocations=26 (full 0):
 garbage-first heap   total 102400K, used 90442K [0x0000000704400000, 0x0000000800000000)
  region size 2048K, 22 young (45056K), 2 survivors (4096K)
 Metaspace       used 95527K, committed 96448K, reserved 1179648K
  class space    used 13029K, committed 13440K, reserved 1048576K
}
Event: 301.420 GC heap after
{Heap after GC invocations=27 (full 0):
 garbage-first heap   total 102400K, used 49548K [0x0000000704400000, 0x0000000800000000)
  region size 2048K, 2 young (4096K), 2 survivors (4096K)
 Metaspace       used 95527K, committed 96448K, reserved 1179648K
  class space    used 13029K, committed 13440K, reserved 1048576K
}
Event: 475.766 GC heap before
{Heap before GC invocations=27 (full 0):
 garbage-first heap   total 102400K, used 90508K [0x0000000704400000, 0x0000000800000000)
  region size 2048K, 22 young (45056K), 2 survivors (4096K)
 Metaspace       used 95543K, committed 96448K, reserved 1179648K
  class space    used 13030K, committed 13440K, reserved 1048576K
}
Event: 475.769 GC heap after
{Heap after GC invocations=28 (full 0):
 garbage-first heap   total 102400K, used 49444K [0x0000000704400000, 0x0000000800000000)
  region size 2048K, 2 young (4096K), 2 survivors (4096K)
 Metaspace       used 95543K, committed 96448K, reserved 1179648K
  class space    used 13030K, committed 13440K, reserved 1048576K
}
Event: 651.647 GC heap before
{Heap before GC invocations=29 (full 0):
 garbage-first heap   total 102400K, used 90404K [0x0000000704400000, 0x0000000800000000)
  region size 2048K, 22 young (45056K), 2 survivors (4096K)
 Metaspace       used 95535K, committed 96448K, reserved 1179648K
  class space    used 13028K, committed 13440K, reserved 1048576K
}
Event: 651.651 GC heap after
{Heap after GC invocations=30 (full 0):
 garbage-first heap   total 102400K, used 49447K [0x0000000704400000, 0x0000000800000000)
  region size 2048K, 2 young (4096K), 2 survivors (4096K)
 Metaspace       used 95535K, committed 96448K, reserved 1179648K
  class space    used 13028K, committed 13440K, reserved 1048576K
}
Event: 826.639 GC heap before
{Heap before GC invocations=30 (full 0):
 garbage-first heap   total 102400K, used 90407K [0x0000000704400000, 0x0000000800000000)
  region size 2048K, 22 young (45056K), 2 survivors (4096K)
 Metaspace       used 95535K, committed 96448K, reserved 1179648K
  class space    used 13028K, committed 13440K, reserved 1048576K
}
Event: 826.642 GC heap after
{Heap after GC invocations=31 (full 0):
 garbage-first heap   total 102400K, used 47921K [0x0000000704400000, 0x0000000800000000)
  region size 2048K, 2 young (4096K), 2 survivors (4096K)
 Metaspace       used 95535K, committed 96448K, reserved 1179648K
  class space    used 13028K, committed 13440K, reserved 1048576K
}
Event: 1001.397 GC heap before
{Heap before GC invocations=31 (full 0):
 garbage-first heap   total 102400K, used 88881K [0x0000000704400000, 0x0000000800000000)
  region size 2048K, 22 young (45056K), 2 survivors (4096K)
 Metaspace       used 95540K, committed 96448K, reserved 1179648K
  class space    used 13028K, committed 13440K, reserved 1048576K
}
Event: 1001.400 GC heap after
{Heap after GC invocations=32 (full 0):
 garbage-first heap   total 102400K, used 47865K [0x0000000704400000, 0x0000000800000000)
  region size 2048K, 2 young (4096K), 2 survivors (4096K)
 Metaspace       used 95540K, committed 96448K, reserved 1179648K
  class space    used 13028K, committed 13440K, reserved 1048576K
}
Event: 1143.840 GC heap before
{Heap before GC invocations=33 (full 0):
 garbage-first heap   total 102400K, used 88825K [0x0000000704400000, 0x0000000800000000)
  region size 2048K, 22 young (45056K), 2 survivors (4096K)
 Metaspace       used 97532K, committed 98432K, reserved 1179648K
  class space    used 13278K, committed 13696K, reserved 1048576K
}
Event: 1143.844 GC heap after
{Heap after GC invocations=34 (full 0):
 garbage-first heap   total 102400K, used 48569K [0x0000000704400000, 0x0000000800000000)
  region size 2048K, 2 young (4096K), 2 survivors (4096K)
 Metaspace       used 97532K, committed 98432K, reserved 1179648K
  class space    used 13278K, committed 13696K, reserved 1048576K
}
Event: 1145.698 GC heap before
{Heap before GC invocations=34 (full 0):
 garbage-first heap   total 102400K, used 89529K [0x0000000704400000, 0x0000000800000000)
  region size 2048K, 22 young (45056K), 2 survivors (4096K)
 Metaspace       used 100592K, committed 101568K, reserved 1179648K
  class space    used 13661K, committed 14080K, reserved 1048576K
}
Event: 1145.710 GC heap after
{Heap after GC invocations=35 (full 0):
 garbage-first heap   total 102400K, used 50140K [0x0000000704400000, 0x0000000800000000)
  region size 2048K, 3 young (6144K), 3 survivors (6144K)
 Metaspace       used 100592K, committed 101568K, reserved 1179648K
  class space    used 13661K, committed 14080K, reserved 1048576K
}

